#0
_program
  #0
  _class
    Main
    IO
    "basic-init.cl"
    (
    #0
    _attr
      i
      Int
      #0
      _no_expr
      : _no_type
    #0
    _attr
      s
      String
      #0
      _no_expr
      : _no_type
    #0
    _attr
      b
      Bool
      #0
      _no_expr
      : _no_type
    #0
    _attr
      io
      IO
      #0
      _no_expr
      : _no_type
    #0
    _method
      main
      Object
      _block
        #0
        _dispatch
          #0
          _object
            self
          : _no_type
          out_int
          (
          #0
          _object
            i
          : _no_type
          )
        : _no_type
        #0
        _dispatch
          #0
          _object
            self
          : _no_type
          out_string
          (
          #0
          _object
            s
          : _no_type
          )
        : _no_type
        #0
        _cond
          #0
          _object
            b
          : _no_type
          #0
          _dispatch
            #0
            _object
              self
            : _no_type
            out_string
            (
            #0
            _string
              "true"
            : _no_type
            )
          : _no_type
          #0
          _dispatch
            #0
            _object
              self
            : _no_type
            out_string
            (
            #0
            _string
              "false"
            : _no_type
            )
          : _no_type
        : _no_type
        #0
        _cond
          #0
          _isvoid
            #0
            _object
              io
            : _no_type
          : _no_type
          #0
          _dispatch
            #0
            _object
              self
            : _no_type
            out_string
            (
            #0
            _string
              "void"
            : _no_type
            )
          : _no_type
          #0
          _dispatch
            #0
            _object
              self
            : _no_type
            out_string
            (
            #0
            _string
              "not void"
            : _no_type
            )
          : _no_type
        : _no_type
      : _no_type


    )
