#0
_program
  #0
  _class
    Main
    Object
    "calls.cl"
    (
    #0
    _attr
      io
      IO
      #0
      _new
        IO
      : _no_type
    #0
    _method
      main
      Object
      _block
        #0
        _dispatch
          #0
          _object
            io
          : _no_type
          out_int
          (
          #0
          _dispatch
            #0
            _object
              self
            : _no_type
            f
            (
            #0
            _dispatch
              #0
              _object
                self
              : _no_type
              g
              (
              #0
              _int
                1
              : _no_type
              )
            : _no_type
            #0
            _dispatch
              #0
              _object
                self
              : _no_type
              h
              (
              #0
              _int
                2
              : _no_type
              )
            : _no_type
            )
          : _no_type
          )
        : _no_type
        #0
        _dispatch
          #0
          _object
            io
          : _no_type
          out_string
          (
          #0
          _string
            "\n"
          : _no_type
          )
        : _no_type
      : _no_type

    #0
    _method
      f
      #0
      _formal
        x
        Int
      #0
      _formal
        y
        Int
      Int
      #0
      _plus
        #0
        _object
          x
        : _no_type
        #0
        _object
          y
        : _no_type
      : _no_type
    #0
    _method
      g
      #0
      _formal
        x
        Int
      Int
      #0
      _plus
        #0
        _object
          x
        : _no_type
        #0
        _int
          5
        : _no_type
      : _no_type
    #0
    _method
      h
      #0
      _formal
        x
        Int
      Int
      #0
      _plus
        #0
        _object
          x
        : _no_type
        #0
        _int
          7
        : _no_type
      : _no_type

    )
