#0
_program
  #0
  _class
    Main
    IO
    "fibo.cl"
    (
    #0
    _method
      fibo
      #0
      _formal
        i
        Int
      Int
      #0
      _cond
        #0
        _eq
          #0
          _object
            i
          : _no_type
          #0
          _int
            0
          : _no_type
        : _no_type
        #0
        _int
          0
        : _no_type
        #0
        _cond
          #0
          _eq
            #0
            _object
              i
            : _no_type
            #0
            _int
              1
            : _no_type
          : _no_type
          #0
          _int
            1
          : _no_type
          #0
          _plus
            #0
            _dispatch
              #0
              _object
                self
              : _no_type
              fibo
              (
              #0
              _sub
                #0
                _object
                  i
                : _no_type
                #0
                _int
                  1
                : _no_type
              : _no_type
              )
            : _no_type
            #0
            _dispatch
              #0
              _object
                self
              : _no_type
              fibo
              (
              #0
              _sub
                #0
                _object
                  i
                : _no_type
                #0
                _int
                  2
                : _no_type
              : _no_type
              )
            : _no_type
          : _no_type
        : _no_type
      : _no_type
    #0
    _method
      main
      Object
      #0
      _dispatch
        #0
        _object
          self
        : _no_type
        out_int
        (
        #0
        _dispatch
          #0
          _object
            self
          : _no_type
          fibo
          (
          #0
          _int
            15
          : _no_type
          )
        : _no_type
        )
      : _no_type

    )
