#0
_program
  #0
  _class
    Main
    IO
    "many_objects_on_heap.cl"
    (
    #0
    _attr
      a
      Int
      #0
      _no_expr
      : _no_type
    #0
    _attr
      i
      Int
      #0
      _int
        100
      : _no_type
    #0
    _method
      main
      Object
      _block
        #0
        _loop
          #0
          _lt
            #0
            _neg
              #0
              _object
                i
              : _no_type
            : _no_type
            #0
            _int
              0
            : _no_type
          : _no_type
          _block
            #0
            _assign
              a
              #0
              _new
                Int
              : _no_type
            : _no_type
            #0
            _let
              b
              IO
              #0
              _new
                IO
              : _no_type
              #0
              _object
                b
              : _no_type
            : _no_type
            #0
            _assign
              i
              #0
              _sub
                #0
                _object
                  i
                : _no_type
                #0
                _int
                  1
                : _no_type
              : _no_type
            : _no_type
          : _no_type

        : _no_type
        #0
        _dispatch
          #0
          _object
            self
          : _no_type
          out_int
          (
          #0
          _object
            i
          : _no_type
          )
        : _no_type
      : _no_type


    )
