#0
_program
  #0
  _class
    Main
    IO
    "mod-param.cl"
    (
    #0
    _attr
      a
      Int
      #0
      _no_expr
      : _no_type
    #0
    _method
      f
      #0
      _formal
        i
        Int
      Object
      #0
      _assign
        i
        #0
        _int
          1
        : _no_type
      : _no_type
    #0
    _method
      main
      Object
      _block
        #0
        _dispatch
          #0
          _object
            self
          : _no_type
          f
          (
          #0
          _object
            a
          : _no_type
          )
        : _no_type
        #0
        _dispatch
          #0
          _object
            self
          : _no_type
          out_int
          (
          #0
          _object
            a
          : _no_type
          )
        : _no_type
      : _no_type


    )
