#0
_program
  #0
  _class
    Bob
    IO
    "scoping.cl"
    (
    #0
    _attr
      x
      Int
      #0
      _no_expr
      : _no_type
    #0
    _attr
      y
      Int
      #0
      _int
        4
      : _no_type

    )
  #0
  _class
    Main
    Bob
    "scoping.cl"
    (
    #0
    _attr
      z
      Int
      #0
      _int
        23
      : _no_type
    #0
    _method
      jack
      #0
      _formal
        q
        Int
      #0
      _formal
        z
        Int
      Int
      _block
        #0
        _let
          z
          Int
          #0
          _plus
            #0
            _object
              z
            : _no_type
            #0
            _object
              y
            : _no_type
          : _no_type
          #0
          _dispatch
            #0
            _object
              self
            : _no_type
            print_z
            (
            #0
            _object
              z
            : _no_type
            )
          : _no_type
        : _no_type
        #0
        _assign
          y
          #0
          _plus
            #0
            _object
              y
            : _no_type
            #0
            _int
              4
            : _no_type
          : _no_type
        : _no_type
        #0
        _let
          y
          Int
          #0
          _plus
            #0
            _object
              z
            : _no_type
            #0
            _object
              y
            : _no_type
          : _no_type
          #0
          _object
            y
          : _no_type
        : _no_type
      : _no_type

    #0
    _method
      print_z
      #0
      _formal
        z
        Int
      SELF_TYPE
      _block
        #0
        _dispatch
          #0
          _object
            self
          : _no_type
          out_string
          (
          #0
          _string
            "z = "
          : _no_type
          )
        : _no_type
        #0
        _dispatch
          #0
          _object
            self
          : _no_type
          out_int
          (
          #0
          _object
            z
          : _no_type
          )
        : _no_type
        #0
        _dispatch
          #0
          _object
            self
          : _no_type
          out_string
          (
          #0
          _string
            "\n"
          : _no_type
          )
        : _no_type
      : _no_type

    #0
    _method
      main
      Bob
      _block
        #0
        _dispatch
          #0
          _object
            self
          : _no_type
          print_z
          (
          #0
          _object
            z
          : _no_type
          )
        : _no_type
        #0
        _let
          z
          Int
          #0
          _dispatch
            #0
            _object
              self
            : _no_type
            jack
            (
            #0
            _int
              5
            : _no_type
            #0
            _plus
              #0
              _object
                z
              : _no_type
              #0
              _int
                2
              : _no_type
            : _no_type
            )
          : _no_type
          #0
          _dispatch
            #0
            _object
              self
            : _no_type
            print_z
            (
            #0
            _object
              z
            : _no_type
            )
          : _no_type
        : _no_type
      : _no_type


    )
