#0
_program
  #0
  _class
    Main
    Object
    "bool.cl"
    (
    #0
    _method
      main
      Object
      #0
      _let
        t
        Bool
        #0
        _bool
          1
        : _no_type
        #0
        _let
          f
          Bool
          #0
          _bool
            0
          : _no_type
          #0
          _let
            t1
            Object
            #0
            _object
              t
            : _no_type
            #0
            _let
              t2
              Object
              #0
              _bool
                1
              : _no_type
              #0
              _let
                f1
                Object
                #0
                _object
                  f
                : _no_type
                #0
                _let
                  f2
                  Object
                  #0
                  _bool
                    0
                  : _no_type
                  #0
                  _let
                    b1
                    Bool
                    #0
                    _no_expr
                    : _no_type
                    #0
                    _let
                      b2
                      Object
                      #0
                      _no_expr
                      : _no_type
                      #0
                      _let
                        io
                        IO
                        #0
                        _new
                          IO
                        : _no_type
                        _block
                          #0
                          _dispatch
                            #0
                            _object
                              io
                            : _no_type
                            out_string
                            (
                            #0
                            _string
                              "t: "
                            : _no_type
                            )
                          : _no_type
                          #0
                          _dispatch
                            #0
                            _object
                              io
                            : _no_type
                            out_string
                            (
                            #0
                            _dispatch
                              #0
                              _object
                                t
                              : _no_type
                              type_name
                              (
                              )
                            : _no_type
                            )
                          : _no_type
                          #0
                          _dispatch
                            #0
                            _object
                              io
                            : _no_type
                            out_string
                            (
                            #0
                            _string
                              "\n"
                            : _no_type
                            )
                          : _no_type
                          #0
                          _assign
                            b1
                            #0
                            _object
                              t
                            : _no_type
                          : _no_type
                          #0
                          _dispatch
                            #0
                            _object
                              io
                            : _no_type
                            out_string
                            (
                            #0
                            _string
                              "b1: "
                            : _no_type
                            )
                          : _no_type
                          #0
                          _dispatch
                            #0
                            _object
                              io
                            : _no_type
                            out_string
                            (
                            #0
                            _dispatch
                              #0
                              _object
                                b1
                              : _no_type
                              type_name
                              (
                              )
                            : _no_type
                            )
                          : _no_type
                          #0
                          _dispatch
                            #0
                            _object
                              io
                            : _no_type
                            out_string
                            (
                            #0
                            _string
                              "\n"
                            : _no_type
                            )
                          : _no_type
                          #0
                          _assign
                            b2
                            #0
                            _object
                              t1
                            : _no_type
                          : _no_type
                          #0
                          _dispatch
                            #0
                            _object
                              io
                            : _no_type
                            out_string
                            (
                            #0
                            _string
                              "b2: "
                            : _no_type
                            )
                          : _no_type
                          #0
                          _dispatch
                            #0
                            _object
                              io
                            : _no_type
                            out_string
                            (
                            #0
                            _dispatch
                              #0
                              _object
                                b2
                              : _no_type
                              type_name
                              (
                              )
                            : _no_type
                            )
                          : _no_type
                          #0
                          _dispatch
                            #0
                            _object
                              io
                            : _no_type
                            out_string
                            (
                            #0
                            _string
                              "\n"
                            : _no_type
                            )
                          : _no_type
                          #0
                          _assign
                            b1
                            #0
                            _dispatch
                              #0
                              _object
                                f
                              : _no_type
                              copy
                              (
                              )
                            : _no_type
                          : _no_type
                          #0
                          _dispatch
                            #0
                            _object
                              io
                            : _no_type
                            out_string
                            (
                            #0
                            _string
                              "b1: "
                            : _no_type
                            )
                          : _no_type
                          #0
                          _dispatch
                            #0
                            _object
                              io
                            : _no_type
                            out_string
                            (
                            #0
                            _dispatch
                              #0
                              _object
                                b1
                              : _no_type
                              type_name
                              (
                              )
                            : _no_type
                            )
                          : _no_type
                          #0
                          _dispatch
                            #0
                            _object
                              io
                            : _no_type
                            out_string
                            (
                            #0
                            _string
                              "\n"
                            : _no_type
                            )
                          : _no_type
                          #0
                          _assign
                            b2
                            #0
                            _dispatch
                              #0
                              _object
                                f2
                              : _no_type
                              copy
                              (
                              )
                            : _no_type
                          : _no_type
                          #0
                          _dispatch
                            #0
                            _object
                              io
                            : _no_type
                            out_string
                            (
                            #0
                            _string
                              "b2: "
                            : _no_type
                            )
                          : _no_type
                          #0
                          _dispatch
                            #0
                            _object
                              io
                            : _no_type
                            out_string
                            (
                            #0
                            _dispatch
                              #0
                              _object
                                b2
                              : _no_type
                              type_name
                              (
                              )
                            : _no_type
                            )
                          : _no_type
                          #0
                          _dispatch
                            #0
                            _object
                              io
                            : _no_type
                            out_string
                            (
                            #0
                            _string
                              "\n"
                            : _no_type
                            )
                          : _no_type
                        : _no_type

                      : _no_type
                    : _no_type
                  : _no_type
                : _no_type
              : _no_type
            : _no_type
          : _no_type
        : _no_type
      : _no_type

    )
