#0
_program
  #0
  _class
    Main
    IO
    "case-none.cl"
    (
    #0
    _method
      main
      Object
      #0
      _let
        thing
        Object
        #0
        _object
          self
        : _no_type
        #0
        _typcase
          #0
          _object
            thing
          : _no_type
          #0
          _branch
            i
            Int
            #0
            _dispatch
              #0
              _object
                self
              : _no_type
              out_string
              (
              #0
              _string
                "int\n"
              : _no_type
              )
            : _no_type
          #0
          _branch
            b
            Bool
            #0
            _dispatch
              #0
              _object
                self
              : _no_type
              out_string
              (
              #0
              _string
                "bool\n"
              : _no_type
              )
            : _no_type
        : _no_type
      : _no_type

    )
