#0
_program
  #0
  _class
    Main
    IO
    "case-order.cl"
    (
    #0
    _method
      main
      Object
      #0
      _let
        thing
        Object
        #0
        _object
          self
        : _no_type
        #0
        _typcase
          #0
          _object
            thing
          : _no_type
          #0
          _branch
            o
            Object
            #0
            _dispatch
              #0
              _object
                self
              : _no_type
              out_string
              (
              #0
              _string
                "object\n"
              : _no_type
              )
            : _no_type
          #0
          _branch
            m
            Main
            #0
            _dispatch
              #0
              _object
                self
              : _no_type
              out_string
              (
              #0
              _string
                "main\n"
              : _no_type
              )
            : _no_type
        : _no_type
      : _no_type

    )
