#0
_program
  #0
  _class
    CellularAutomaton
    IO
    "cells.cl"
    (
    #0
    _attr
      population_map
      String
      #0
      _no_expr
      : _no_type
    #0
    _method
      init
      #0
      _formal
        map
        String
      SELF_TYPE
      _block
        #0
        _assign
          population_map
          #0
          _object
            map
          : _no_type
        : _no_type
        #0
        _object
          self
        : _no_type
      : _no_type

    #0
    _method
      print
      SELF_TYPE
      _block
        #0
        _dispatch
          #0
          _object
            self
          : _no_type
          out_string
          (
          #0
          _dispatch
            #0
            _object
              population_map
            : _no_type
            concat
            (
            #0
            _string
              "\n"
            : _no_type
            )
          : _no_type
          )
        : _no_type
        #0
        _object
          self
        : _no_type
      : _no_type

    #0
    _method
      num_cells
      Int
      #0
      _dispatch
        #0
        _object
          population_map
        : _no_type
        length
        (
        )
      : _no_type
    #0
    _method
      cell
      #0
      _formal
        position
        Int
      String
      #0
      _dispatch
        #0
        _object
          population_map
        : _no_type
        substr
        (
        #0
        _object
          position
        : _no_type
        #0
        _int
          1
        : _no_type
        )
      : _no_type
    #0
    _method
      cell_left_neighbor
      #0
      _formal
        position
        Int
      String
      #0
      _cond
        #0
        _eq
          #0
          _object
            position
          : _no_type
          #0
          _int
            0
          : _no_type
        : _no_type
        #0
        _dispatch
          #0
          _object
            self
          : _no_type
          cell
          (
          #0
          _sub
            #0
            _dispatch
              #0
              _object
                self
              : _no_type
              num_cells
              (
              )
            : _no_type
            #0
            _int
              1
            : _no_type
          : _no_type
          )
        : _no_type
        #0
        _dispatch
          #0
          _object
            self
          : _no_type
          cell
          (
          #0
          _sub
            #0
            _object
              position
            : _no_type
            #0
            _int
              1
            : _no_type
          : _no_type
          )
        : _no_type
      : _no_type
    #0
    _method
      cell_right_neighbor
      #0
      _formal
        position
        Int
      String
      #0
      _cond
        #0
        _eq
          #0
          _object
            position
          : _no_type
          #0
          _sub
            #0
            _dispatch
              #0
              _object
                self
              : _no_type
              num_cells
              (
              )
            : _no_type
            #0
            _int
              1
            : _no_type
          : _no_type
        : _no_type
        #0
        _dispatch
          #0
          _object
            self
          : _no_type
          cell
          (
          #0
          _int
            0
          : _no_type
          )
        : _no_type
        #0
        _dispatch
          #0
          _object
            self
          : _no_type
          cell
          (
          #0
          _plus
            #0
            _object
              position
            : _no_type
            #0
            _int
              1
            : _no_type
          : _no_type
          )
        : _no_type
      : _no_type
    #0
    _method
      cell_at_next_evolution
      #0
      _formal
        position
        Int
      String
      #0
      _cond
        #0
        _eq
          #0
          _plus
            #0
            _plus
              #0
              _cond
                #0
                _eq
                  #0
                  _dispatch
                    #0
                    _object
                      self
                    : _no_type
                    cell
                    (
                    #0
                    _object
                      position
                    : _no_type
                    )
                  : _no_type
                  #0
                  _string
                    "X"
                  : _no_type
                : _no_type
                #0
                _int
                  1
                : _no_type
                #0
                _int
                  0
                : _no_type
              : _no_type
              #0
              _cond
                #0
                _eq
                  #0
                  _dispatch
                    #0
                    _object
                      self
                    : _no_type
                    cell_left_neighbor
                    (
                    #0
                    _object
                      position
                    : _no_type
                    )
                  : _no_type
                  #0
                  _string
                    "X"
                  : _no_type
                : _no_type
                #0
                _int
                  1
                : _no_type
                #0
                _int
                  0
                : _no_type
              : _no_type
            : _no_type
            #0
            _cond
              #0
              _eq
                #0
                _dispatch
                  #0
                  _object
                    self
                  : _no_type
                  cell_right_neighbor
                  (
                  #0
                  _object
                    position
                  : _no_type
                  )
                : _no_type
                #0
                _string
                  "X"
                : _no_type
              : _no_type
              #0
              _int
                1
              : _no_type
              #0
              _int
                0
              : _no_type
            : _no_type
          : _no_type
          #0
          _int
            1
          : _no_type
        : _no_type
        #0
        _string
          "X"
        : _no_type
        #0
        _string
          "."
        : _no_type
      : _no_type
    #0
    _method
      evolve
      SELF_TYPE
      #0
      _let
        position
        Int
        #0
        _no_expr
        : _no_type
        #0
        _let
          num
          Int
          #0
          _dispatch
            #0
            _object
              self
            : _no_type
            num_cells
            (
            )
          : _no_type
          #0
          _let
            temp
            String
            #0
            _no_expr
            : _no_type
            _block
              #0
              _loop
                #0
                _lt
                  #0
                  _object
                    position
                  : _no_type
                  #0
                  _object
                    num
                  : _no_type
                : _no_type
                _block
                  #0
                  _assign
                    temp
                    #0
                    _dispatch
                      #0
                      _object
                        temp
                      : _no_type
                      concat
                      (
                      #0
                      _dispatch
                        #0
                        _object
                          self
                        : _no_type
                        cell_at_next_evolution
                        (
                        #0
                        _object
                          position
                        : _no_type
                        )
                      : _no_type
                      )
                    : _no_type
                  : _no_type
                  #0
                  _assign
                    position
                    #0
                    _plus
                      #0
                      _object
                        position
                      : _no_type
                      #0
                      _int
                        1
                      : _no_type
                    : _no_type
                  : _no_type
                : _no_type

              : _no_type
              #0
              _assign
                population_map
                #0
                _object
                  temp
                : _no_type
              : _no_type
              #0
              _object
                self
              : _no_type
            : _no_type

          : _no_type
        : _no_type
      : _no_type

    )
  #0
  _class
    Main
    Object
    "cells.cl"
    (
    #0
    _attr
      cells
      CellularAutomaton
      #0
      _no_expr
      : _no_type
    #0
    _method
      main
      SELF_TYPE
      _block
        #0
        _assign
          cells
          #0
          _dispatch
            #0
            _new
              CellularAutomaton
            : _no_type
            init
            (
            #0
            _string
              "         X         "
            : _no_type
            )
          : _no_type
        : _no_type
        #0
        _dispatch
          #0
          _object
            cells
          : _no_type
          print
          (
          )
        : _no_type
        #0
        _let
          countdown
          Int
          #0
          _int
            20
          : _no_type
          #0
          _loop
            #0
            _lt
              #0
              _int
                0
              : _no_type
              #0
              _object
                countdown
              : _no_type
            : _no_type
            _block
              #0
              _dispatch
                #0
                _object
                  cells
                : _no_type
                evolve
                (
                )
              : _no_type
              #0
              _dispatch
                #0
                _object
                  cells
                : _no_type
                print
                (
                )
              : _no_type
              #0
              _assign
                countdown
                #0
                _sub
                  #0
                  _object
                    countdown
                  : _no_type
                  #0
                  _int
                    1
                  : _no_type
                : _no_type
              : _no_type
            : _no_type

          : _no_type
        : _no_type
        #0
        _object
          self
        : _no_type
      : _no_type


    )
