#0
_program
  #0
  _class
    Base
    IO
    "copy-self-dispatch.cl"
    (
    #0
    _method
      identify
      Object
      #0
      _dispatch
        #0
        _object
          self
        : _no_type
        out_string
        (
        #0
        _string
          "base\n"
        : _no_type
        )
      : _no_type
    #0
    _method
      duplicate
      Base
      #0
      _dispatch
        #0
        _object
          self
        : _no_type
        copy
        (
        )
      : _no_type

    )
  #0
  _class
    Derived
    Base
    "copy-self-dispatch.cl"
    (
    #0
    _method
      identify
      Object
      #0
      _dispatch
        #0
        _object
          self
        : _no_type
        out_string
        (
        #0
        _string
          "derived\n"
        : _no_type
        )
      : _no_type

    )
  #0
  _class
    Main
    Object
    "copy-self-dispatch.cl"
    (
    #0
    _method
      main
      Object
      #0
      _dispatch
        #0
        _dispatch
          #0
          _new
            Derived
          : _no_type
          duplicate
          (
          )
        : _no_type
        identify
        (
        )
      : _no_type

    )
