#0
_program
  #0
  _class
    Main
    IO
    "dispatch-void-dynamic.cl"
    (
    #0
    _method
      main
      Object
      #0
      _let
        nothing
        Object
        #0
        _loop
          #0
          _bool
            0
          : _no_type
          #0
          _int
            1
          : _no_type
        : _no_type
        #0
        _dispatch
          #0
          _object
            self
          : _no_type
          out_string
          (
          #0
          _dispatch
            #0
            _object
              nothing
            : _no_type
            type_name
            (
            )
          : _no_type
          )
        : _no_type
      : _no_type

    )
