#0
_program
  #0
  _class
    Main
    IO
    "exp.cl"
    (
    #0
    _method
      exp
      #0
      _formal
        b
        Int
      #0
      _formal
        x
        Int
      Int
      #0
      _cond
        #0
        _eq
          #0
          _object
            x
          : _no_type
          #0
          _int
            0
          : _no_type
        : _no_type
        #0
        _int
          1
        : _no_type
        #0
        _cond
          #0
          _eq
            #0
            _object
              x
            : _no_type
            #0
            _mul
              #0
              _int
                2
              : _no_type
              #0
              _divide
                #0
                _object
                  x
                : _no_type
                #0
                _int
                  2
                : _no_type
              : _no_type
            : _no_type
          : _no_type
          #0
          _let
            y
            Int
            #0
            _dispatch
              #0
              _object
                self
              : _no_type
              exp
              (
              #0
              _object
                b
              : _no_type
              #0
              _divide
                #0
                _object
                  x
                : _no_type
                #0
                _int
                  2
                : _no_type
              : _no_type
              )
            : _no_type
            #0
            _mul
              #0
              _object
                y
              : _no_type
              #0
              _object
                y
              : _no_type
            : _no_type
          : _no_type
          #0
          _mul
            #0
            _object
              b
            : _no_type
            #0
            _dispatch
              #0
              _object
                self
              : _no_type
              exp
              (
              #0
              _object
                b
              : _no_type
              #0
              _sub
                #0
                _object
                  x
                : _no_type
                #0
                _int
                  1
                : _no_type
              : _no_type
              )
            : _no_type
          : _no_type
        : _no_type
      : _no_type
    #0
    _method
      main
      Object
      _block
        #0
        _dispatch
          #0
          _object
            self
          : _no_type
          out_int
          (
          #0
          _dispatch
            #0
            _object
              self
            : _no_type
            exp
            (
            #0
            _int
              2
            : _no_type
            #0
            _int
              7
            : _no_type
            )
          : _no_type
          )
        : _no_type
        #0
        _dispatch
          #0
          _object
            self
          : _no_type
          out_string
          (
          #0
          _string
            "\n"
          : _no_type
          )
        : _no_type
        #0
        _dispatch
          #0
          _object
            self
          : _no_type
          out_int
          (
          #0
          _dispatch
            #0
            _object
              self
            : _no_type
            exp
            (
            #0
            _int
              3
            : _no_type
            #0
            _int
              6
            : _no_type
            )
          : _no_type
          )
        : _no_type
        #0
        _dispatch
          #0
          _object
            self
          : _no_type
          out_string
          (
          #0
          _string
            "\n"
          : _no_type
          )
        : _no_type
        #0
        _dispatch
          #0
          _object
            self
          : _no_type
          out_int
          (
          #0
          _dispatch
            #0
            _object
              self
            : _no_type
            exp
            (
            #0
            _int
              8
            : _no_type
            #0
            _int
              3
            : _no_type
            )
          : _no_type
          )
        : _no_type
        #0
        _dispatch
          #0
          _object
            self
          : _no_type
          out_string
          (
          #0
          _string
            "\n"
          : _no_type
          )
        : _no_type
      : _no_type


    )
