#0
_program
  #0
  _class
    A
    IO
    "init-default.cl"
    (
    #0
    _attr
      x
      Int
      #0
      _cond
        #0
        _object
          b
        : _no_type
        #0
        _int
          1
        : _no_type
        #0
        _neg
          #0
          _int
            1
          : _no_type
        : _no_type
      : _no_type
    #0
    _attr
      b
      Bool
      #0
      _bool
        1
      : _no_type
    #0
    _attr
      y
      Int
      #0
      _plus
        #0
        _object
          x
        : _no_type
        #0
        _int
          3
        : _no_type
      : _no_type
    #0
    _attr
      z
      Int
      #0
      _sub
        #0
        _object
          z
        : _no_type
        #0
        _int
          5
        : _no_type
      : _no_type
    #0
    _method
      print_attr
      Object
      _block
        #0
        _dispatch
          #0
          _object
            self
          : _no_type
          out_string
          (
          #0
          _string
            "x: "
          : _no_type
          )
        : _no_type
        #0
        _dispatch
          #0
          _object
            self
          : _no_type
          out_int
          (
          #0
          _object
            x
          : _no_type
          )
        : _no_type
        #0
        _dispatch
          #0
          _object
            self
          : _no_type
          out_string
          (
          #0
          _string
            "\nb: "
          : _no_type
          )
        : _no_type
        #0
        _dispatch
          #0
          _object
            self
          : _no_type
          out_string
          (
          #0
          _cond
            #0
            _object
              b
            : _no_type
            #0
            _string
              "true"
            : _no_type
            #0
            _string
              "false"
            : _no_type
          : _no_type
          )
        : _no_type
        #0
        _dispatch
          #0
          _object
            self
          : _no_type
          out_string
          (
          #0
          _string
            "\ny: "
          : _no_type
          )
        : _no_type
        #0
        _dispatch
          #0
          _object
            self
          : _no_type
          out_int
          (
          #0
          _object
            y
          : _no_type
          )
        : _no_type
        #0
        _dispatch
          #0
          _object
            self
          : _no_type
          out_string
          (
          #0
          _string
            "\nz: "
          : _no_type
          )
        : _no_type
        #0
        _dispatch
          #0
          _object
            self
          : _no_type
          out_int
          (
          #0
          _object
            z
          : _no_type
          )
        : _no_type
      : _no_type


    )
  #0
  _class
    Main
    Object
    "init-default.cl"
    (
    #0
    _attr
      a
      A
      #0
      _new
        A
      : _no_type
    #0
    _method
      main
      Object
      #0
      _dispatch
        #0
        _object
          a
        : _no_type
        print_attr
        (
        )
      : _no_type

    )
