#0
_program
  #0
  _class
    Main
    IO
    "interaction-attrinit-method.cl"
    (
    #0
    _attr
      a
      Int
      #0
      _dispatch
        #0
        _object
          self
        : _no_type
        f
        (
        )
      : _no_type
    #0
    _method
      f
      Int
      #0
      _plus
        #0
        _object
          a
        : _no_type
        #0
        _int
          1
        : _no_type
      : _no_type
    #0
    _method
      main
      Object
      #0
      _dispatch
        #0
        _object
          self
        : _no_type
        out_int
        (
        #0
        _object
          a
        : _no_type
        )
      : _no_type

    )
