#0
_program
  #0
  _class
    Main
    IO
    "let-nested.cl"
    (
    #0
    _method
      print
      #0
      _formal
        x
        Int
      Object
      _block
        #0
        _dispatch
          #0
          _object
            self
          : _no_type
          out_int
          (
          #0
          _object
            x
          : _no_type
          )
        : _no_type
        #0
        _dispatch
          #0
          _object
            self
          : _no_type
          out_string
          (
          #0
          _string
            "\n"
          : _no_type
          )
        : _no_type
      : _no_type

    #0
    _method
      main
      Object
      #0
      _let
        foo
        Int
        #0
        _int
          5
        : _no_type
        #0
        _let
          foo
          Int
          #0
          _neg
            #0
            _int
              1
            : _no_type
          : _no_type
          #0
          _let
            foo
            Bool
            #0
            _no_expr
            : _no_type
            #0
            _cond
              #0
              _comp
                #0
                _object
                  foo
                : _no_type
              : _no_type
              #0
              _let
                foo
                Int
                #0
                _no_expr
                : _no_type
                #0
                _dispatch
                  #0
                  _object
                    self
                  : _no_type
                  print
                  (
                  #0
                  _plus
                    #0
                    _object
                      foo
                    : _no_type
                    #0
                    _int
                      1
                    : _no_type
                  : _no_type
                  )
                : _no_type
              : _no_type
              #0
              _int
                5
              : _no_type
            : _no_type
          : _no_type
        : _no_type
      : _no_type

    )
