#0
_program
  #0
  _class
    Main
    IO
    "letinit.cl"
    (
    #0
    _method
      main
      Object
      _block
        #0
        _let
          x
          Bool
          #0
          _no_expr
          : _no_type
          #0
          _let
            y
            Int
            #0
            _no_expr
            : _no_type
            #0
            _let
              z
              String
              #0
              _no_expr
              : _no_type
              #0
              _cond
                #0
                _object
                  x
                : _no_type
                #0
                _dispatch
                  #0
                  _object
                    self
                  : _no_type
                  abort
                  (
                  )
                : _no_type
                _block
                  #0
                  _dispatch
                    #0
                    _object
                      self
                    : _no_type
                    out_int
                    (
                    #0
                    _plus
                      #0
                      _object
                        y
                      : _no_type
                      #0
                      _int
                        1
                      : _no_type
                    : _no_type
                    )
                  : _no_type
                  #0
                  _dispatch
                    #0
                    _object
                      self
                    : _no_type
                    out_string
                    (
                    #0
                    _dispatch
                      #0
                      _object
                        z
                      : _no_type
                      concat
                      (
                      #0
                      _string
                        "test\n"
                      : _no_type
                      )
                    : _no_type
                    )
                  : _no_type
                : _no_type

              : _no_type
            : _no_type
          : _no_type
        : _no_type
      : _no_type


    )
