#0
_program
  #0
  _class
    Main
    IO
    "multiple-dispatch.cl"
    (
    #0
    _attr
      x
      Int
      #0
      _no_expr
      : _no_type
    #0
    _method
      f
      #0
      _formal
        y
        Int
      SELF_TYPE
      _block
        #0
        _dispatch
          #0
          _object
            self
          : _no_type
          out_int
          (
          #0
          _plus
            #0
            _object
              x
            : _no_type
            #0
            _object
              y
            : _no_type
          : _no_type
          )
        : _no_type
        #0
        _dispatch
          #0
          _object
            self
          : _no_type
          out_string
          (
          #0
          _string
            "\n"
          : _no_type
          )
        : _no_type
        #0
        _object
          self
        : _no_type
      : _no_type

    #0
    _method
      g
      #0
      _formal
        z
        Int
      Int
      _block
        #0
        _assign
          x
          #0
          _plus
            #0
            _object
              x
            : _no_type
            #0
            _int
              1
            : _no_type
          : _no_type
        : _no_type
        #0
        _plus
          #0
          _object
            z
          : _no_type
          #0
          _object
            x
          : _no_type
        : _no_type
      : _no_type

    #0
    _method
      main
      Object
      #0
      _dispatch
        #0
        _dispatch
          #0
          _dispatch
            #0
            _object
              self
            : _no_type
            f
            (
            #0
            _dispatch
              #0
              _object
                self
              : _no_type
              g
              (
              #0
              _int
                1
              : _no_type
              )
            : _no_type
            )
          : _no_type
          f
          (
          #0
          _dispatch
            #0
            _object
              self
            : _no_type
            g
            (
            #0
            _dispatch
              #0
              _object
                self
              : _no_type
              g
              (
              #0
              _int
                5
              : _no_type
              )
            : _no_type
            )
          : _no_type
          )
        : _no_type
        f
        (
        #0
        _dispatch
          #0
          _object
            self
          : _no_type
          g
          (
          #0
          _dispatch
            #0
            _object
              self
            : _no_type
            g
            (
            #0
            _dispatch
              #0
              _object
                self
              : _no_type
              g
              (
              #0
              _int
                10
              : _no_type
              )
            : _no_type
            )
          : _no_type
          )
        : _no_type
        )
      : _no_type

    )
