#0
_program
  #0
  _class
    A
    Object
    "new-st.cl"
    (
    #0
    _attr
      x
      Int
      #0
      _plus
        #0
        _object
          x
        : _no_type
        #0
        _int
          1
        : _no_type
      : _no_type
    #0
    _method
      printX
      Object
      _block
        #0
        _dispatch
          #0
          _new
            IO
          : _no_type
          out_string
          (
          #0
          _string
            "x is "
          : _no_type
          )
        : _no_type
        #0
        _dispatch
          #0
          _new
            IO
          : _no_type
          out_int
          (
          #0
          _object
            x
          : _no_type
          )
        : _no_type
        #0
        _dispatch
          #0
          _new
            IO
          : _no_type
          out_string
          (
          #0
          _string
            "\n"
          : _no_type
          )
        : _no_type
      : _no_type

    #0
    _method
      new_st
      A
      #0
      _new
        SELF_TYPE
      : _no_type
    #0
    _method
      bump
      Object
      #0
      _assign
        x
        #0
        _plus
          #0
          _object
            x
          : _no_type
          #0
          _int
            1
          : _no_type
        : _no_type
      : _no_type

    )
  #0
  _class
    Main
    Object
    "new-st.cl"
    (
    #0
    _method
      main
      Object
      #0
      _let
        a1
        A
        #0
        _new
          A
        : _no_type
        #0
        _let
          a2
          A
          #0
          _no_expr
          : _no_type
          _block
            #0
            _dispatch
              #0
              _object
                a1
              : _no_type
              printX
              (
              )
            : _no_type
            #0
            _dispatch
              #0
              _object
                a1
              : _no_type
              bump
              (
              )
            : _no_type
            #0
            _dispatch
              #0
              _object
                a1
              : _no_type
              bump
              (
              )
            : _no_type
            #0
            _dispatch
              #0
              _object
                a1
              : _no_type
              bump
              (
              )
            : _no_type
            #0
            _dispatch
              #0
              _object
                a1
              : _no_type
              printX
              (
              )
            : _no_type
            #0
            _assign
              a2
              #0
              _dispatch
                #0
                _object
                  a1
                : _no_type
                new_st
                (
                )
              : _no_type
            : _no_type
            #0
            _dispatch
              #0
              _object
                a2
              : _no_type
              printX
              (
              )
            : _no_type
            #0
            _dispatch
              #0
              _object
                a1
              : _no_type
              printX
              (
              )
            : _no_type
          : _no_type

        : _no_type
      : _no_type

    )
