#0
_program
  #0
  _class
    Base
    IO
    "new-self-init.cl"
    (
    #0
    _attr
      baseAttr
      Int
      _block
        #0
        _dispatch
          #0
          _object
            self
          : _no_type
          report
          (
          #0
          _int
            1
          : _no_type
          )
        : _no_type
        #0
        _int
          1
        : _no_type
      : _no_type

    #0
    _method
      report
      #0
      _formal
        value
        Int
      SELF_TYPE
      _block
        #0
        _dispatch
          #0
          _object
            self
          : _no_type
          out_int
          (
          #0
          _object
            value
          : _no_type
          )
        : _no_type
        #0
        _dispatch
          #0
          _object
            self
          : _no_type
          out_string
          (
          #0
          _string
            "\n"
          : _no_type
          )
        : _no_type
        #0
        _object
          self
        : _no_type
      : _no_type

    #0
    _method
      duplicate
      Base
      #0
      _new
        SELF_TYPE
      : _no_type

    )
  #0
  _class
    Derived
    Base
    "new-self-init.cl"
    (
    #0
    _attr
      derivedAttr
      Int
      _block
        #0
        _dispatch
          #0
          _object
            self
          : _no_type
          report
          (
          #0
          _int
            2
          : _no_type
          )
        : _no_type
        #0
        _int
          2
        : _no_type
      : _no_type

    #0
    _method
      report
      #0
      _formal
        value
        Int
      SELF_TYPE
      _block
        #0
        _dispatch
          #0
          _object
            self
          : _no_type
          out_string
          (
          #0
          _string
            "old: "
          : _no_type
          )
        : _no_type
        #0
        _dispatch
          #0
          _object
            self
          : _no_type
          out_int
          (
          #0
          _object
            derivedAttr
          : _no_type
          )
        : _no_type
        #0
        _dispatch
          #0
          _object
            self
          : _no_type
          out_string
          (
          #0
          _string
            ".  new: "
          : _no_type
          )
        : _no_type
        #0
        _assign
          derivedAttr
          #0
          _object
            value
          : _no_type
        : _no_type
        #0
        _static_dispatch
          #0
          _object
            self
          : _no_type
          Base
          report
          (
          #0
          _object
            derivedAttr
          : _no_type
          )
        : _no_type
      : _no_type


    )
  #0
  _class
    Main
    Object
    "new-self-init.cl"
    (
    #0
    _method
      main
      Object
      #0
      _dispatch
        #0
        _dispatch
          #0
          _dispatch
            #0
            _new
              Derived
            : _no_type
            report
            (
            #0
            _int
              5
            : _no_type
            )
          : _no_type
          duplicate
          (
          )
        : _no_type
        report
        (
        #0
        _int
          29
        : _no_type
        )
      : _no_type

    )
