#0
_program
  #0
  _class
    A
    Object
    "override.cl"
    (
    #0
    _method
      f
      Int
      #0
      _int
        1
      : _no_type
    #0
    _method
      g
      Int
      #0
      _int
        2
      : _no_type

    )
  #0
  _class
    B
    A
    "override.cl"
    (
    #0
    _method
      g
      Int
      #0
      _int
        3
      : _no_type

    )
  #0
  _class
    C
    B
    "override.cl"
    (
    #0
    _method
      f
      Int
      #0
      _int
        4
      : _no_type

    )
  #0
  _class
    D
    C
    "override.cl"
    (
    #0
    _method
      f
      Int
      #0
      _int
        5
      : _no_type
    #0
    _method
      g
      Int
      #0
      _int
        6
      : _no_type

    )
  #0
  _class
    Main
    IO
    "override.cl"
    (
    #0
    _attr
      a
      A
      #0
      _new
        A
      : _no_type
    #0
    _attr
      b
      B
      #0
      _new
        B
      : _no_type
    #0
    _attr
      c
      C
      #0
      _new
        C
      : _no_type
    #0
    _attr
      d
      D
      #0
      _new
        D
      : _no_type
    #0
    _method
      main
      Object
      _block
        #0
        _dispatch
          #0
          _object
            self
          : _no_type
          out_int
          (
          #0
          _dispatch
            #0
            _object
              a
            : _no_type
            f
            (
            )
          : _no_type
          )
        : _no_type
        #0
        _dispatch
          #0
          _object
            self
          : _no_type
          out_int
          (
          #0
          _dispatch
            #0
            _object
              a
            : _no_type
            g
            (
            )
          : _no_type
          )
        : _no_type
        #0
        _dispatch
          #0
          _object
            self
          : _no_type
          out_int
          (
          #0
          _dispatch
            #0
            _object
              b
            : _no_type
            f
            (
            )
          : _no_type
          )
        : _no_type
        #0
        _dispatch
          #0
          _object
            self
          : _no_type
          out_int
          (
          #0
          _dispatch
            #0
            _object
              b
            : _no_type
            g
            (
            )
          : _no_type
          )
        : _no_type
        #0
        _dispatch
          #0
          _object
            self
          : _no_type
          out_int
          (
          #0
          _dispatch
            #0
            _object
              c
            : _no_type
            f
            (
            )
          : _no_type
          )
        : _no_type
        #0
        _dispatch
          #0
          _object
            self
          : _no_type
          out_int
          (
          #0
          _dispatch
            #0
            _object
              c
            : _no_type
            g
            (
            )
          : _no_type
          )
        : _no_type
        #0
        _dispatch
          #0
          _object
            self
          : _no_type
          out_int
          (
          #0
          _dispatch
            #0
            _object
              d
            : _no_type
            f
            (
            )
          : _no_type
          )
        : _no_type
        #0
        _dispatch
          #0
          _object
            self
          : _no_type
          out_int
          (
          #0
          _dispatch
            #0
            _object
              d
            : _no_type
            g
            (
            )
          : _no_type
          )
        : _no_type
        #0
        _dispatch
          #0
          _object
            self
          : _no_type
          out_int
          (
          #0
          _static_dispatch
            #0
            _object
              a
            : _no_type
            A
            f
            (
            )
          : _no_type
          )
        : _no_type
        #0
        _dispatch
          #0
          _object
            self
          : _no_type
          out_int
          (
          #0
          _static_dispatch
            #0
            _object
              a
            : _no_type
            A
            g
            (
            )
          : _no_type
          )
        : _no_type
        #0
        _dispatch
          #0
          _object
            self
          : _no_type
          out_int
          (
          #0
          _static_dispatch
            #0
            _object
              b
            : _no_type
            A
            f
            (
            )
          : _no_type
          )
        : _no_type
        #0
        _dispatch
          #0
          _object
            self
          : _no_type
          out_int
          (
          #0
          _static_dispatch
            #0
            _object
              b
            : _no_type
            A
            g
            (
            )
          : _no_type
          )
        : _no_type
        #0
        _dispatch
          #0
          _object
            self
          : _no_type
          out_int
          (
          #0
          _static_dispatch
            #0
            _object
              c
            : _no_type
            B
            f
            (
            )
          : _no_type
          )
        : _no_type
        #0
        _dispatch
          #0
          _object
            self
          : _no_type
          out_int
          (
          #0
          _static_dispatch
            #0
            _object
              c
            : _no_type
            B
            g
            (
            )
          : _no_type
          )
        : _no_type
        #0
        _dispatch
          #0
          _object
            self
          : _no_type
          out_int
          (
          #0
          _static_dispatch
            #0
            _object
              d
            : _no_type
            C
            f
            (
            )
          : _no_type
          )
        : _no_type
        #0
        _dispatch
          #0
          _object
            self
          : _no_type
          out_int
          (
          #0
          _static_dispatch
            #0
            _object
              d
            : _no_type
            C
            g
            (
            )
          : _no_type
          )
        : _no_type
        #0
        _assign
          a
          #0
          _new
            B
          : _no_type
        : _no_type
        #0
        _assign
          b
          #0
          _new
            C
          : _no_type
        : _no_type
        #0
        _assign
          c
          #0
          _new
            D
          : _no_type
        : _no_type
        #0
        _dispatch
          #0
          _object
            self
          : _no_type
          out_int
          (
          #0
          _dispatch
            #0
            _object
              a
            : _no_type
            f
            (
            )
          : _no_type
          )
        : _no_type
        #0
        _dispatch
          #0
          _object
            self
          : _no_type
          out_int
          (
          #0
          _dispatch
            #0
            _object
              a
            : _no_type
            g
            (
            )
          : _no_type
          )
        : _no_type
        #0
        _dispatch
          #0
          _object
            self
          : _no_type
          out_int
          (
          #0
          _dispatch
            #0
            _object
              b
            : _no_type
            f
            (
            )
          : _no_type
          )
        : _no_type
        #0
        _dispatch
          #0
          _object
            self
          : _no_type
          out_int
          (
          #0
          _dispatch
            #0
            _object
              b
            : _no_type
            g
            (
            )
          : _no_type
          )
        : _no_type
        #0
        _dispatch
          #0
          _object
            self
          : _no_type
          out_int
          (
          #0
          _dispatch
            #0
            _object
              c
            : _no_type
            f
            (
            )
          : _no_type
          )
        : _no_type
        #0
        _dispatch
          #0
          _object
            self
          : _no_type
          out_int
          (
          #0
          _dispatch
            #0
            _object
              c
            : _no_type
            g
            (
            )
          : _no_type
          )
        : _no_type
        #0
        _dispatch
          #0
          _object
            self
          : _no_type
          out_string
          (
          #0
          _string
            "\n"
          : _no_type
          )
        : _no_type
      : _no_type


    )
