#0
_program
  #0
  _class
    Base
    IO
    "override-basic.cl"
    (
    #0
    _method
      identify
      Object
      _block
        #0
        _dispatch
          #0
          _object
            self
          : _no_type
          out_string
          (
          #0
          _dispatch
            #0
            _object
              self
            : _no_type
            type_name
            (
            )
          : _no_type
          )
        : _no_type
        #0
        _static_dispatch
          #0
          _object
            self
          : _no_type
          Base
          out_string
          (
          #0
          _string
            "\n"
          : _no_type
          )
        : _no_type
      : _no_type


    )
  #0
  _class
    Derived
    Base
    "override-basic.cl"
    (
    #0
    _method
      out_string
      #0
      _formal
        s
        String
      SELF_TYPE
      _block
        #0
        _static_dispatch
          #0
          _object
            self
          : _no_type
          Base
          out_string
          (
          #0
          _string
            "derived "
          : _no_type
          )
        : _no_type
        #0
        _static_dispatch
          #0
          _object
            self
          : _no_type
          Base
          out_string
          (
          #0
          _object
            s
          : _no_type
          )
        : _no_type
        #0
        _static_dispatch
          #0
          _object
            self
          : _no_type
          Base
          out_string
          (
          #0
          _string
            "\n"
          : _no_type
          )
        : _no_type
      : _no_type


    )
  #0
  _class
    Main
    Object
    "override-basic.cl"
    (
    #0
    _method
      main
      Object
      _block
        #0
        _let
          me
          Base
          #0
          _new
            Base
          : _no_type
          #0
          _static_dispatch
            #0
            _object
              me
            : _no_type
            Base
            identify
            (
            )
          : _no_type
        : _no_type
        #0
        _let
          me
          Base
          #0
          _new
            Derived
          : _no_type
          #0
          _static_dispatch
            #0
            _object
              me
            : _no_type
            Base
            identify
            (
            )
          : _no_type
        : _no_type
        #0
        _let
          me
          Derived
          #0
          _new
            Derived
          : _no_type
          _block
            #0
            _static_dispatch
              #0
              _object
                me
              : _no_type
              Base
              identify
              (
              )
            : _no_type
            #0
            _static_dispatch
              #0
              _object
                me
              : _no_type
              Derived
              identify
              (
              )
            : _no_type
          : _no_type

        : _no_type
      : _no_type


    )
