#0
_program
  #0
  _class
    Main
    IO
    "primes.cl"
    (
    #0
    _method
      main
      Int
      #0
      _int
        0
      : _no_type
    #0
    _attr
      out
      Int
      _block
        #0
        _dispatch
          #0
          _object
            self
          : _no_type
          out_string
          (
          #0
          _string
            "2 is trivially prime.\n"
          : _no_type
          )
        : _no_type
        #0
        _int
          2
        : _no_type
      : _no_type

    #0
    _attr
      testee
      Int
      #0
      _object
        out
      : _no_type
    #0
    _attr
      divisor
      Int
      #0
      _no_expr
      : _no_type
    #0
    _attr
      stop
      Int
      #0
      _int
        500
      : _no_type
    #0
    _attr
      m
      Object
      #0
      _loop
        #0
        _bool
          1
        : _no_type
        _block
          #0
          _assign
            testee
            #0
            _plus
              #0
              _object
                testee
              : _no_type
              #0
              _int
                1
              : _no_type
            : _no_type
          : _no_type
          #0
          _assign
            divisor
            #0
            _int
              2
            : _no_type
          : _no_type
          #0
          _loop
            #0
            _cond
              #0
              _lt
                #0
                _object
                  testee
                : _no_type
                #0
                _mul
                  #0
                  _object
                    divisor
                  : _no_type
                  #0
                  _object
                    divisor
                  : _no_type
                : _no_type
              : _no_type
              #0
              _bool
                0
              : _no_type
              #0
              _cond
                #0
                _eq
                  #0
                  _sub
                    #0
                    _object
                      testee
                    : _no_type
                    #0
                    _mul
                      #0
                      _object
                        divisor
                      : _no_type
                      #0
                      _divide
                        #0
                        _object
                          testee
                        : _no_type
                        #0
                        _object
                          divisor
                        : _no_type
                      : _no_type
                    : _no_type
                  : _no_type
                  #0
                  _int
                    0
                  : _no_type
                : _no_type
                #0
                _bool
                  0
                : _no_type
                #0
                _bool
                  1
                : _no_type
              : _no_type
            : _no_type
            #0
            _assign
              divisor
              #0
              _plus
                #0
                _object
                  divisor
                : _no_type
                #0
                _int
                  1
                : _no_type
              : _no_type
            : _no_type
          : _no_type
          #0
          _cond
            #0
            _lt
              #0
              _object
                testee
              : _no_type
              #0
              _mul
                #0
                _object
                  divisor
                : _no_type
                #0
                _object
                  divisor
                : _no_type
              : _no_type
            : _no_type
            _block
              #0
              _assign
                out
                #0
                _object
                  testee
                : _no_type
              : _no_type
              #0
              _dispatch
                #0
                _object
                  self
                : _no_type
                out_int
                (
                #0
                _object
                  out
                : _no_type
                )
              : _no_type
              #0
              _dispatch
                #0
                _object
                  self
                : _no_type
                out_string
                (
                #0
                _string
                  " is prime.\n"
                : _no_type
                )
              : _no_type
            : _no_type

            #0
            _int
              0
            : _no_type
          : _no_type
          #0
          _cond
            #0
            _leq
              #0
              _object
                stop
              : _no_type
              #0
              _object
                testee
              : _no_type
            : _no_type
            #0
            _dispatch
              #0
              _string
                "halt"
              : _no_type
              abort
              (
              )
            : _no_type
            #0
            _string
              "continue"
            : _no_type
          : _no_type
        : _no_type

      : _no_type

    )
