#0
_program
  #0
  _class
    P
    Object
    "recclass.cl"
    (
    #0
    _attr
      x
      P
      #0
      _no_expr
      : _no_type
    #0
    _method
      foo
      Object
      _block
        #0
        _assign
          x
          #0
          _new
            P
          : _no_type
        : _no_type
        #0
        _dispatch
          #0
          _object
            self
          : _no_type
          abort
          (
          )
        : _no_type
      : _no_type

    #0
    _method
      badGuy
      Object
      #0
      _dispatch
        #0
        _object
          x
        : _no_type
        foo
        (
        )
      : _no_type

    )
  #0
  _class
    C
    P
    "recclass.cl"
    (
    #0
    _method
      foo
      Object
      _block
        #0
        _dispatch
          #0
          _new
            IO
          : _no_type
          out_string
          (
          #0
          _string
            "ok\n"
          : _no_type
          )
        : _no_type
        #0
        _assign
          x
          #0
          _new
            C
          : _no_type
        : _no_type
      : _no_type


    )
  #0
  _class
    Main
    Object
    "recclass.cl"
    (
    #0
    _method
      f1
      #0
      _formal
        p
        P
      Object
      _block
        #0
        _cond
          #0
          _bool
            0
          : _no_type
          #0
          _assign
            p
            #0
            _new
              P
            : _no_type
          : _no_type
          #0
          _int
            0
          : _no_type
        : _no_type
        #0
        _dispatch
          #0
          _object
            p
          : _no_type
          foo
          (
          )
        : _no_type
      : _no_type

    #0
    _method
      main
      Object
      #0
      _let
        c
        C
        #0
        _new
          C
        : _no_type
        _block
          #0
          _dispatch
            #0
            _object
              self
            : _no_type
            f1
            (
            #0
            _object
              c
            : _no_type
            )
          : _no_type
          #0
          _dispatch
            #0
            _object
              c
            : _no_type
            badGuy
            (
            )
          : _no_type
        : _no_type

      : _no_type

    )
