#0
_program
  #0
  _class
    A
    Object
    "selftypeattribute.cl"
    (
    #0
    _attr
      x
      SELF_TYPE
      #0
      _no_expr
      : _no_type
    #0
    _method
      init
      Object
      #0
      _assign
        x
        #0
        _new
          SELF_TYPE
        : _no_type
      : _no_type
    #0
    _method
      foo
      Int
      #0
      _int
        1
      : _no_type
    #0
    _method
      getx
      A
      #0
      _object
        x
      : _no_type

    )
  #0
  _class
    B
    A
    "selftypeattribute.cl"
    (
    #0
    _method
      foo
      Int
      #0
      _int
        2
      : _no_type

    )
  #0
  _class
    Main
    IO
    "selftypeattribute.cl"
    (
    #0
    _method
      main
      Object
      _block
        #0
        _let
          a
          A
          #0
          _new
            B
          : _no_type
          _block
            #0
            _dispatch
              #0
              _object
                a
              : _no_type
              init
              (
              )
            : _no_type
            #0
            _dispatch
              #0
              _object
                self
              : _no_type
              out_int
              (
              #0
              _dispatch
                #0
                _dispatch
                  #0
                  _object
                    a
                  : _no_type
                  getx
                  (
                  )
                : _no_type
                foo
                (
                )
              : _no_type
              )
            : _no_type
          : _no_type

        : _no_type
        #0
        _dispatch
          #0
          _object
            self
          : _no_type
          out_string
          (
          #0
          _string
            "\n"
          : _no_type
          )
        : _no_type
      : _no_type


    )
