#0
_program
  #0
  _class
    Main
    IO
    "shadow-attr-formal.cl"
    (
    #0
    _attr
      var
      String
      #0
      _string
        "bad"
      : _no_type
    #0
    _method
      method
      #0
      _formal
        var
        String
      Object
      #0
      _dispatch
        #0
        _object
          self
        : _no_type
        out_string
        (
        #0
        _object
          var
        : _no_type
        )
      : _no_type
    #0
    _method
      main
      Object
      _block
        #0
        _dispatch
          #0
          _object
            self
          : _no_type
          method
          (
          #0
          _string
            "good"
          : _no_type
          )
        : _no_type
        #0
        _dispatch
          #0
          _object
            self
          : _no_type
          out_string
          (
          #0
          _string
            "\n"
          : _no_type
          )
        : _no_type
      : _no_type


    )
