#0
_program
  #0
  _class
    Main
    IO
    "shadow-let-let.cl"
    (
    #0
    _method
      main
      Object
      _block
        #0
        _let
          var
          String
          #0
          _string
            "bad"
          : _no_type
          #0
          _let
            var
            String
            #0
            _string
              "good"
            : _no_type
            #0
            _dispatch
              #0
              _object
                self
              : _no_type
              out_string
              (
              #0
              _object
                var
              : _no_type
              )
            : _no_type
          : _no_type
        : _no_type
        #0
        _dispatch
          #0
          _object
            self
          : _no_type
          out_string
          (
          #0
          _string
            "\n"
          : _no_type
          )
        : _no_type
      : _no_type


    )
