#0
_program
  #0
  _class
    Main
    IO
    "simple-gc.cl"
    (
    #0
    _attr
      y
      Int
      #0
      _no_expr
      : _no_type
    #0
    _method
      f
      #0
      _formal
        x
        Int
      Int
      #0
      _assign
        y
        #0
        _plus
          #0
          _plus
            #0
            _plus
              #0
              _plus
                #0
                _object
                  x
                : _no_type
                #0
                _int
                  6
                : _no_type
              : _no_type
              #0
              _int
                7
              : _no_type
            : _no_type
            #0
            _int
              8
            : _no_type
          : _no_type
          #0
          _int
            9
          : _no_type
        : _no_type
      : _no_type
    #0
    _method
      main
      Object
      #0
      _dispatch
        #0
        _object
          self
        : _no_type
        out_int
        (
        #0
        _assign
          y
          #0
          _plus
            #0
            _plus
              #0
              _plus
                #0
                _plus
                  #0
                  _int
                    1
                  : _no_type
                  #0
                  _int
                    2
                  : _no_type
                : _no_type
                #0
                _int
                  3
                : _no_type
              : _no_type
              #0
              _int
                4
              : _no_type
            : _no_type
            #0
            _dispatch
              #0
              _object
                self
              : _no_type
              f
              (
              #0
              _int
                5
              : _no_type
              )
            : _no_type
          : _no_type
        : _no_type
        )
      : _no_type

    )
