#0
_program
  #0
  _class
    Main
    IO
    "string-methods.cl"
    (
    #0
    _attr
      s
      String
      #0
      _string
        "this is a"
      : _no_type
    #0
    _method
      main
      Object
      _block
        #0
        _dispatch
          #0
          _object
            self
          : _no_type
          out_int
          (
          #0
          _dispatch
            #0
            _object
              s
            : _no_type
            length
            (
            )
          : _no_type
          )
        : _no_type
        #0
        _dispatch
          #0
          _object
            self
          : _no_type
          out_string
          (
          #0
          _dispatch
            #0
            _string
              "\n"
            : _no_type
            concat
            (
            #0
            _dispatch
              #0
              _object
                s
              : _no_type
              concat
              (
              #0
              _string
                " string\n"
              : _no_type
              )
            : _no_type
            )
          : _no_type
          )
        : _no_type
        #0
        _dispatch
          #0
          _object
            self
          : _no_type
          out_string
          (
          #0
          _dispatch
            #0
            _dispatch
              #0
              _object
                s
              : _no_type
              substr
              (
              #0
              _int
                5
              : _no_type
              #0
              _int
                2
              : _no_type
              )
            : _no_type
            concat
            (
            #0
            _string
              "\n"
            : _no_type
            )
          : _no_type
          )
        : _no_type
      : _no_type


    )
