#0
_program
  #0
  _class
    Base
    IO
    "typename.cl"
    (
    #0
    _method
      identify
      #0
      _formal
        thing
        Object
      Object
      _block
        #0
        _dispatch
          #0
          _object
            self
          : _no_type
          out_string
          (
          #0
          _dispatch
            #0
            _object
              thing
            : _no_type
            type_name
            (
            )
          : _no_type
          )
        : _no_type
        #0
        _dispatch
          #0
          _object
            self
          : _no_type
          out_string
          (
          #0
          _string
            "\n"
          : _no_type
          )
        : _no_type
      : _no_type

    #0
    _method
      test
      Object
      _block
        #0
        _dispatch
          #0
          _object
            self
          : _no_type
          identify
          (
          #0
          _new
            Base
          : _no_type
          )
        : _no_type
        #0
        _dispatch
          #0
          _object
            self
          : _no_type
          identify
          (
          #0
          _new
            Derived
          : _no_type
          )
        : _no_type
        #0
        _dispatch
          #0
          _object
            self
          : _no_type
          identify
          (
          #0
          _new
            Main
          : _no_type
          )
        : _no_type
        #0
        _let
          poly
          Base
          #0
          _new
            Derived
          : _no_type
          #0
          _dispatch
            #0
            _object
              self
            : _no_type
            identify
            (
            #0
            _object
              poly
            : _no_type
            )
          : _no_type
        : _no_type
        #0
        _dispatch
          #0
          _object
            self
          : _no_type
          identify
          (
          #0
          _object
            self
          : _no_type
          )
        : _no_type
      : _no_type


    )
  #0
  _class
    Derived
    Base
    "typename.cl"
    (

    )
  #0
  _class
    Main
    Object
    "typename.cl"
    (
    #0
    _method
      main
      Object
      #0
      _dispatch
        #0
        _new
          Derived
        : _no_type
        test
        (
        )
      : _no_type

    )
